  ArrayTest.cpp
C:\Users\jihye\source\repos\CTest1\ArrayTest\ArrayTest.cpp(15,12): warning C4244: '인수': 'time_t'에서 'unsigned int'(으)로 변환하면서 데이터가 손실될 수 있습니다.
C:\Users\jihye\source\repos\CTest1\ArrayTest\ArrayTest.cpp(11,12): warning C4101: 'k' :참조되지 않은 지역 변수입니다.
C:\Users\jihye\source\repos\CTest1\ArrayTest\ArrayTest.cpp(11,9): warning C4101: 'j' :참조되지 않은 지역 변수입니다.
C:\Users\jihye\source\repos\CTest1\ArrayTest\ArrayTest.cpp(50,33): error C4996: 'scanf': This function or variable may be unsafe. Consider using scanf_s instead. To disable deprecation, use _CRT_SECURE_NO_WARNINGS. See online help for details.
C:\Users\jihye\source\repos\CTest1\ArrayTest\ArrayTest.cpp(42,9): warning C4101: 'j' :참조되지 않은 지역 변수입니다.
C:\Users\jihye\source\repos\CTest1\ArrayTest\ArrayTest.cpp(42,6): warning C4101: 'i' :참조되지 않은 지역 변수입니다.
C:\Users\jihye\source\repos\CTest1\ArrayTest\ArrayTest.cpp(75,9): warning C4477: 'printf' : 서식 문자열 '%x'에 'unsigned int' 형식의 인수가 필요하지만 variadic 인수 1의 형식이 'int *'입니다.
C:\Users\jihye\source\repos\CTest1\ArrayTest\ArrayTest.cpp(75,9): warning C4313: 'printf': 서식 문자열의 '%x'이(가) 인수 1('int *' 형식)과(와) 충돌합니다.
C:\Users\jihye\source\repos\CTest1\ArrayTest\ArrayTest.cpp(76,9): warning C4477: 'printf' : 서식 문자열 '%x'에 'unsigned int' 형식의 인수가 필요하지만 variadic 인수 1의 형식이 'int *'입니다.
C:\Users\jihye\source\repos\CTest1\ArrayTest\ArrayTest.cpp(76,9): warning C4313: 'printf': 서식 문자열의 '%x'이(가) 인수 1('int *' 형식)과(와) 충돌합니다.
C:\Users\jihye\source\repos\CTest1\ArrayTest\ArrayTest.cpp(77,9): warning C4477: 'printf' : 서식 문자열 '%x'에 'unsigned int' 형식의 인수가 필요하지만 variadic 인수 1의 형식이 'int *'입니다.
C:\Users\jihye\source\repos\CTest1\ArrayTest\ArrayTest.cpp(77,9): warning C4313: 'printf': 서식 문자열의 '%x'이(가) 인수 1('int *' 형식)과(와) 충돌합니다.
C:\Users\jihye\source\repos\CTest1\ArrayTest\ArrayTest.cpp(78,9): warning C4477: 'printf' : 서식 문자열 '%x'에 'unsigned int' 형식의 인수가 필요하지만 variadic 인수 1의 형식이 'int (*)[2]'입니다.
C:\Users\jihye\source\repos\CTest1\ArrayTest\ArrayTest.cpp(78,9): warning C4313: 'printf': 서식 문자열의 '%x'이(가) 인수 1('int (*)[2]' 형식)과(와) 충돌합니다.
C:\Users\jihye\source\repos\CTest1\ArrayTest\ArrayTest.cpp(80,9): warning C4477: 'printf' : 서식 문자열 '%x'에 'unsigned int' 형식의 인수가 필요하지만 variadic 인수 1의 형식이 'int (*)[2]'입니다.
C:\Users\jihye\source\repos\CTest1\ArrayTest\ArrayTest.cpp(80,9): warning C4313: 'printf': 서식 문자열의 '%x'이(가) 인수 1('int (*)[2]' 형식)과(와) 충돌합니다.
C:\Users\jihye\source\repos\CTest1\ArrayTest\ArrayTest.cpp(81,9): warning C4477: 'printf' : 서식 문자열 '%x'에 'unsigned int' 형식의 인수가 필요하지만 variadic 인수 1의 형식이 'int (*)[2]'입니다.
C:\Users\jihye\source\repos\CTest1\ArrayTest\ArrayTest.cpp(81,9): warning C4313: 'printf': 서식 문자열의 '%x'이(가) 인수 1('int (*)[2]' 형식)과(와) 충돌합니다.
C:\Users\jihye\source\repos\CTest1\ArrayTest\ArrayTest.cpp(82,9): warning C4477: 'printf' : 서식 문자열 '%x'에 'unsigned int' 형식의 인수가 필요하지만 variadic 인수 1의 형식이 'int (*)[2]'입니다.
C:\Users\jihye\source\repos\CTest1\ArrayTest\ArrayTest.cpp(82,9): warning C4313: 'printf': 서식 문자열의 '%x'이(가) 인수 1('int (*)[2]' 형식)과(와) 충돌합니다.
C:\Users\jihye\source\repos\CTest1\ArrayTest\ArrayTest.cpp(114,45): error C4996: 'scanf': This function or variable may be unsafe. Consider using scanf_s instead. To disable deprecation, use _CRT_SECURE_NO_WARNINGS. See online help for details.
C:\Users\jihye\source\repos\CTest1\ArrayTest\ArrayTest.cpp(125,7): error C4996: 'getch': The POSIX name for this item is deprecated. Instead, use the ISO C and C++ conformant name: _getch. See online help for details.
C:\Users\jihye\source\repos\CTest1\ArrayTest\ArrayTest.cpp(163,12): warning C4101: 'k' :참조되지 않은 지역 변수입니다.
C:\Users\jihye\source\repos\CTest1\ArrayTest\ArrayTest.cpp(249,12): warning C4101: 'k' :참조되지 않은 지역 변수입니다.
C:\Users\jihye\source\repos\CTest1\ArrayTest\ArrayTest.cpp(279,12): warning C4101: 'k' :참조되지 않은 지역 변수입니다.
C:\Users\jihye\source\repos\CTest1\ArrayTest\ArrayTest.cpp(279,9): warning C4101: 'j' :참조되지 않은 지역 변수입니다.
C:\Users\jihye\source\repos\CTest1\ArrayTest\ArrayTest.cpp(310,3): error C4996: 'strcpy': This function or variable may be unsafe. Consider using strcpy_s instead. To disable deprecation, use _CRT_SECURE_NO_WARNINGS. See online help for details.
C:\Users\jihye\source\repos\CTest1\ArrayTest\ArrayTest.cpp(303,12): warning C4101: 'k' :참조되지 않은 지역 변수입니다.
C:\Users\jihye\source\repos\CTest1\ArrayTest\ArrayTest.cpp(303,9): warning C4101: 'j' :참조되지 않은 지역 변수입니다.
