  ArrayTest.cpp
C:\Users\jihye\Desktop\IoT225-main\CTest\ArrayTest\ArrayTest.cpp(15,12): warning C4244: '인수': 'time_t'에서 'unsigned int'(으)로 변환하면서 데이터가 손실될 수 있습니다.
C:\Users\jihye\Desktop\IoT225-main\CTest\ArrayTest\ArrayTest.cpp(11,12): warning C4101: 'k' :참조되지 않은 지역 변수입니다.
C:\Users\jihye\Desktop\IoT225-main\CTest\ArrayTest\ArrayTest.cpp(11,9): warning C4101: 'j' :참조되지 않은 지역 변수입니다.
C:\Users\jihye\Desktop\IoT225-main\CTest\ArrayTest\ArrayTest.cpp(50,33): warning C4996: 'scanf': This function or variable may be unsafe. Consider using scanf_s instead. To disable deprecation, use _CRT_SECURE_NO_WARNINGS. See online help for details.
C:\Users\jihye\Desktop\IoT225-main\CTest\ArrayTest\ArrayTest.cpp(42,9): warning C4101: 'j' :참조되지 않은 지역 변수입니다.
C:\Users\jihye\Desktop\IoT225-main\CTest\ArrayTest\ArrayTest.cpp(42,6): warning C4101: 'i' :참조되지 않은 지역 변수입니다.
C:\Users\jihye\Desktop\IoT225-main\CTest\ArrayTest\ArrayTest.cpp(75,9): warning C4477: 'printf' : 서식 문자열 '%x'에 'unsigned int' 형식의 인수가 필요하지만 variadic 인수 1의 형식이 'int *'입니다.
C:\Users\jihye\Desktop\IoT225-main\CTest\ArrayTest\ArrayTest.cpp(76,9): warning C4477: 'printf' : 서식 문자열 '%x'에 'unsigned int' 형식의 인수가 필요하지만 variadic 인수 1의 형식이 'int *'입니다.
C:\Users\jihye\Desktop\IoT225-main\CTest\ArrayTest\ArrayTest.cpp(77,9): warning C4477: 'printf' : 서식 문자열 '%x'에 'unsigned int' 형식의 인수가 필요하지만 variadic 인수 1의 형식이 'int *'입니다.
C:\Users\jihye\Desktop\IoT225-main\CTest\ArrayTest\ArrayTest.cpp(78,9): warning C4477: 'printf' : 서식 문자열 '%x'에 'unsigned int' 형식의 인수가 필요하지만 variadic 인수 1의 형식이 'int (*)[2]'입니다.
C:\Users\jihye\Desktop\IoT225-main\CTest\ArrayTest\ArrayTest.cpp(80,9): warning C4477: 'printf' : 서식 문자열 '%x'에 'unsigned int' 형식의 인수가 필요하지만 variadic 인수 1의 형식이 'int (*)[2]'입니다.
C:\Users\jihye\Desktop\IoT225-main\CTest\ArrayTest\ArrayTest.cpp(81,9): warning C4477: 'printf' : 서식 문자열 '%x'에 'unsigned int' 형식의 인수가 필요하지만 variadic 인수 1의 형식이 'int (*)[2]'입니다.
C:\Users\jihye\Desktop\IoT225-main\CTest\ArrayTest\ArrayTest.cpp(82,9): warning C4477: 'printf' : 서식 문자열 '%x'에 'unsigned int' 형식의 인수가 필요하지만 variadic 인수 1의 형식이 'int (*)[2]'입니다.
C:\Users\jihye\Desktop\IoT225-main\CTest\ArrayTest\ArrayTest.cpp(114,45): warning C4996: 'scanf': This function or variable may be unsafe. Consider using scanf_s instead. To disable deprecation, use _CRT_SECURE_NO_WARNINGS. See online help for details.
C:\Users\jihye\Desktop\IoT225-main\CTest\ArrayTest\ArrayTest.cpp(125,7): warning C4996: 'getch': The POSIX name for this item is deprecated. Instead, use the ISO C and C++ conformant name: _getch. See online help for details.
C:\Users\jihye\Desktop\IoT225-main\CTest\ArrayTest\ArrayTest.cpp(163,12): warning C4101: 'k' :참조되지 않은 지역 변수입니다.
C:\Users\jihye\Desktop\IoT225-main\CTest\ArrayTest\ArrayTest.cpp(203,1): error C2144: 구문 오류: void'은(는) ';' 다음에 와야 합니다.
C:\Users\jihye\Desktop\IoT225-main\CTest\ArrayTest\ArrayTest.cpp(201,6): error C2040: 'nam': 'char'의 간접 참조 수준이 'char [12]'과(와) 다릅니다.
C:\Users\jihye\Desktop\IoT225-main\CTest\ArrayTest\ArrayTest.cpp(258,1): error C2059: 구문 오류: '}'
C:\Users\jihye\Desktop\IoT225-main\CTest\ArrayTest\ArrayTest.cpp(258,1): error C2143: 구문 오류: ';'이(가) '}' 앞에 없습니다.
C:\Users\jihye\Desktop\IoT225-main\CTest\ArrayTest\ArrayTest.cpp(261,1): error C2143: 구문 오류: ';'이(가) '{' 앞에 없습니다.
C:\Users\jihye\Desktop\IoT225-main\CTest\ArrayTest\ArrayTest.cpp(261,1): error C2447: '{': 함수 헤더가 없습니다. 이전 스타일의 형식 목록입니까?
C:\Users\jihye\Desktop\IoT225-main\CTest\ArrayTest\ArrayTest.cpp(281,2): error C3861: 'VoidTest': 식별자를 찾을 수 없습니다.
